mode: set
github.com/armadanet/cargo/filesystem/hierarchical.go:15.37,18.46 1 1
github.com/armadanet/cargo/filesystem/hierarchical.go:18.46,20.6 1 0
github.com/armadanet/cargo/filesystem/hierarchical.go:23.89,28.2 1 1
github.com/armadanet/cargo/filesystem/hierarchical.go:30.66,32.2 1 1
github.com/armadanet/cargo/filesystem/hierarchical.go:34.70,36.2 1 1
github.com/armadanet/cargo/server/server.go:29.30,31.2 1 1
github.com/armadanet/cargo/server/server.go:33.70,40.2 3 1
github.com/armadanet/cargo/server/server.go:42.29,44.2 1 0
github.com/armadanet/cargo/server/server.go:46.33,48.2 1 1
github.com/armadanet/cargo/server/connect.go:9.71,11.17 2 0
github.com/armadanet/cargo/server/connect.go:15.3,15.24 1 0
github.com/armadanet/cargo/server/connect.go:11.17,14.4 2 0
github.com/armadanet/cargo/server/connect.go:18.56,20.16 2 1
github.com/armadanet/cargo/server/connect.go:23.3,25.7 3 1
github.com/armadanet/cargo/server/connect.go:20.16,22.4 1 0
github.com/armadanet/cargo/server/connect.go:25.7,27.12 2 1
github.com/armadanet/cargo/server/connect.go:28.5,29.12 2 0
github.com/armadanet/cargo/server/connect.go:30.5,30.15 1 0
github.com/armadanet/cargo/server/connect.go:27.12,27.20 1 0
github.com/armadanet/cargo/server/connect.go:29.12,29.20 1 0
github.com/armadanet/cargo/server/connect.go:30.15,31.26 1 0
github.com/armadanet/cargo/server/connect.go:32.24,34.23 2 0
github.com/armadanet/cargo/server/connect.go:48.25,50.23 2 0
github.com/armadanet/cargo/server/connect.go:34.23,40.10 1 0
github.com/armadanet/cargo/server/connect.go:40.15,46.10 1 0
github.com/armadanet/cargo/server/connect.go:50.23,56.10 1 0
github.com/armadanet/cargo/server/connect.go:56.15,62.10 1 0
github.com/armadanet/cargo/server/request.go:30.42,30.70 1 0
github.com/armadanet/cargo/server/request.go:32.39,32.64 1 0
github.com/armadanet/cargo/server/request.go:34.56,35.21 1 1
github.com/armadanet/cargo/server/request.go:36.3,37.17 2 1
github.com/armadanet/cargo/server/request.go:38.3,43.9 1 1
github.com/armadanet/cargo/server/request.go:35.21,35.53 1 1
github.com/armadanet/cargo/server/request.go:37.17,37.34 1 0
github.com/armadanet/cargo/server/request.go:46.70,47.21 1 1
github.com/armadanet/cargo/server/request.go:48.3,48.18 1 1
github.com/armadanet/cargo/server/request.go:49.3,50.17 2 1
github.com/armadanet/cargo/server/request.go:51.3,56.9 1 1
github.com/armadanet/cargo/server/request.go:47.21,47.53 1 1
github.com/armadanet/cargo/server/request.go:48.18,48.47 1 1
github.com/armadanet/cargo/server/request.go:50.17,50.34 1 0
github.com/armadanet/cargo/server/request.go:72.28,73.10 1 1
github.com/armadanet/cargo/server/request.go:74.18,74.18 0 0
github.com/armadanet/cargo/server/request.go:75.11,77.21 2 1
github.com/armadanet/cargo/server/request.go:81.41,83.17 2 0
github.com/armadanet/cargo/server/request.go:84.3,84.38 1 0
github.com/armadanet/cargo/server/request.go:83.17,83.34 1 0
github.com/armadanet/cargo/server/request.go:87.54,94.13 2 1
github.com/armadanet/cargo/server/request.go:124.3,125.11 2 1
github.com/armadanet/cargo/server/request.go:94.13,95.18 1 1
github.com/armadanet/cargo/server/request.go:107.5,109.9 3 1
github.com/armadanet/cargo/server/request.go:95.18,96.14 1 1
github.com/armadanet/cargo/server/request.go:101.7,101.14 1 1
github.com/armadanet/cargo/server/request.go:97.32,97.32 0 1
github.com/armadanet/cargo/server/request.go:98.15,99.32 1 1
github.com/armadanet/cargo/server/request.go:102.33,102.33 0 0
github.com/armadanet/cargo/server/request.go:103.15,104.33 1 1
github.com/armadanet/cargo/server/request.go:109.9,110.14 1 1
github.com/armadanet/cargo/server/request.go:111.35,112.16 1 1
github.com/armadanet/cargo/server/request.go:113.9,114.16 2 1
github.com/armadanet/cargo/server/request.go:115.9,115.34 1 1
github.com/armadanet/cargo/server/request.go:116.45,117.16 1 1
github.com/armadanet/cargo/server/request.go:118.9,118.24 1 1
github.com/armadanet/cargo/server/request.go:119.22,120.15 1 1
github.com/armadanet/cargo/server/request.go:112.16,112.24 1 1
github.com/armadanet/cargo/server/request.go:114.16,114.24 1 0
github.com/armadanet/cargo/server/request.go:117.16,117.24 1 1
