mode: set
github.com/armadanet/cargo/server/connect.go:9.71,11.17 2 0
github.com/armadanet/cargo/server/connect.go:15.3,16.16 2 0
github.com/armadanet/cargo/server/connect.go:19.3,21.7 3 0
github.com/armadanet/cargo/server/connect.go:11.17,14.4 2 0
github.com/armadanet/cargo/server/connect.go:16.16,18.4 1 0
github.com/armadanet/cargo/server/connect.go:21.7,23.12 2 0
github.com/armadanet/cargo/server/connect.go:24.5,25.12 2 0
github.com/armadanet/cargo/server/connect.go:26.5,26.15 1 0
github.com/armadanet/cargo/server/connect.go:23.12,23.20 1 0
github.com/armadanet/cargo/server/connect.go:25.12,25.20 1 0
github.com/armadanet/cargo/server/connect.go:26.15,27.26 1 0
github.com/armadanet/cargo/server/connect.go:28.24,30.23 2 0
github.com/armadanet/cargo/server/connect.go:44.25,46.23 2 0
github.com/armadanet/cargo/server/connect.go:30.23,36.10 1 0
github.com/armadanet/cargo/server/connect.go:36.15,42.10 1 0
github.com/armadanet/cargo/server/connect.go:46.23,52.10 1 0
github.com/armadanet/cargo/server/connect.go:52.15,58.10 1 0
github.com/armadanet/cargo/server/request.go:30.42,30.70 1 0
github.com/armadanet/cargo/server/request.go:32.39,32.64 1 0
github.com/armadanet/cargo/server/request.go:34.56,35.21 1 1
github.com/armadanet/cargo/server/request.go:36.3,37.17 2 1
github.com/armadanet/cargo/server/request.go:38.3,43.9 1 1
github.com/armadanet/cargo/server/request.go:35.21,35.53 1 1
github.com/armadanet/cargo/server/request.go:37.17,37.34 1 0
github.com/armadanet/cargo/server/request.go:46.70,47.21 1 1
github.com/armadanet/cargo/server/request.go:48.3,48.18 1 1
github.com/armadanet/cargo/server/request.go:49.3,50.17 2 1
github.com/armadanet/cargo/server/request.go:51.3,56.9 1 1
github.com/armadanet/cargo/server/request.go:47.21,47.53 1 1
github.com/armadanet/cargo/server/request.go:48.18,48.47 1 1
github.com/armadanet/cargo/server/request.go:50.17,50.34 1 0
github.com/armadanet/cargo/server/request.go:71.41,73.17 2 0
github.com/armadanet/cargo/server/request.go:74.3,74.38 1 0
github.com/armadanet/cargo/server/request.go:73.17,73.34 1 0
github.com/armadanet/cargo/server/request.go:77.54,83.13 2 0
github.com/armadanet/cargo/server/request.go:104.3,105.11 2 0
github.com/armadanet/cargo/server/request.go:83.13,84.18 1 0
github.com/armadanet/cargo/server/request.go:89.5,91.9 3 0
github.com/armadanet/cargo/server/request.go:84.18,88.6 3 0
github.com/armadanet/cargo/server/request.go:91.9,92.14 1 0
github.com/armadanet/cargo/server/request.go:93.35,94.16 1 0
github.com/armadanet/cargo/server/request.go:95.9,96.16 2 0
github.com/armadanet/cargo/server/request.go:97.9,97.34 1 0
github.com/armadanet/cargo/server/request.go:98.45,99.16 1 0
github.com/armadanet/cargo/server/request.go:100.9,100.24 1 0
github.com/armadanet/cargo/server/request.go:94.16,94.24 1 0
github.com/armadanet/cargo/server/request.go:96.16,96.24 1 0
github.com/armadanet/cargo/server/request.go:99.16,99.24 1 0
github.com/armadanet/cargo/server/server.go:27.27,34.2 3 1
github.com/armadanet/cargo/server/server.go:36.29,38.2 1 0
github.com/armadanet/cargo/server/server.go:40.33,42.2 1 1
